listening on *:1810
Server listening at port 1337
_race listening on *:1819
user connected
user disconnected
user connected
user connected
user disconnected
user connected
user disconnected
user connected
user disconnected
user connected
user disconnected
user connected
user disconnected
user connected
user disconnected
user connected
user disconnected
user connected
user disconnected
user connected
user disconnected
user connected
user disconnected
user connected
user disconnected
user connected
user disconnected
user connected
user disconnected
user connected
user disconnected
user connected
user disconnected
user connected
user disconnected
user connected
